0 info it worked if it ends with ok
1 verbose cli [ '/home/ec2-user/n/bin/node',
1 verbose cli   '/home/ec2-user/n/bin/npm',
1 verbose cli   'run',
1 verbose cli   'test' ]
2 info using npm@4.1.2
3 info using node@v7.6.0
4 verbose run-script [ 'pretest', 'test', 'posttest' ]
5 info lifecycle webpack2@1.0.0~pretest: webpack2@1.0.0
6 silly lifecycle webpack2@1.0.0~pretest: no script for pretest, continuing
7 info lifecycle webpack2@1.0.0~test: webpack2@1.0.0
8 verbose lifecycle webpack2@1.0.0~test: unsafe-perm in lifecycle true
9 verbose lifecycle webpack2@1.0.0~test: PATH: /home/ec2-user/n/lib/node_modules/npm/bin/node-gyp-bin:/home/ec2-user/Dev/Learn1ThingADay/36-AngularJS/webpack2/node_modules/.bin:/usr/local/bin:/bin:/usr/bin:/usr/local/sbin:/usr/sbin:/sbin:/opt/aws/bin:/opt/aws/bin:/home/ec2-user/n/bin
10 verbose lifecycle webpack2@1.0.0~test: CWD: /home/ec2-user/Dev/Learn1ThingADay/36-AngularJS/webpack2
11 silly lifecycle webpack2@1.0.0~test: Args: [ '-c', 'karma start' ]
12 info lifecycle webpack2@1.0.0~test: Failed to exec test script
13 verbose stack Error: webpack2@1.0.0 test: `karma start`
13 verbose stack spawn ENOENT
13 verbose stack     at ChildProcess.<anonymous> (/home/ec2-user/n/lib/node_modules/npm/lib/utils/spawn.js:33:16)
13 verbose stack     at emitTwo (events.js:106:13)
13 verbose stack     at ChildProcess.emit (events.js:192:7)
13 verbose stack     at maybeClose (internal/child_process.js:890:16)
13 verbose stack     at Process.ChildProcess._handle.onexit (internal/child_process.js:226:5)
14 verbose pkgid webpack2@1.0.0
15 verbose cwd /home/ec2-user/Dev/Learn1ThingADay/36-AngularJS/webpack2
16 error Linux 4.4.41-36.55.amzn1.x86_64
17 error argv "/home/ec2-user/n/bin/node" "/home/ec2-user/n/bin/npm" "run" "test"
18 error node v7.6.0
19 error npm  v4.1.2
20 error file sh
21 error code ELIFECYCLE
22 error errno ENOENT
23 error syscall spawn
24 error webpack2@1.0.0 test: `karma start`
24 error spawn ENOENT
25 error Failed at the webpack2@1.0.0 test script 'karma start'.
25 error Make sure you have the latest version of node.js and npm installed.
25 error If you do, this is most likely a problem with the webpack2 package,
25 error not with npm itself.
25 error Tell the author that this fails on your system:
25 error     karma start
25 error You can get information on how to open an issue for this project with:
25 error     npm bugs webpack2
25 error Or if that isn't available, you can get their info via:
25 error     npm owner ls webpack2
25 error There is likely additional logging output above.
26 verbose exit [ 1, true ]
